<?xml version="1.0" encoding="UTF-8"?>
<!-- Generated by org.testng.reporters.JUnitReportReporter -->
<testsuite hostname="ASISH" failures="0" tests="1" name="restassuredscripts4.Script006GETUserLogin" time="4.140" errors="0" timestamp="2023-11-09T21:15:03 IST" skipped="0">
  <testcase classname="restassuredscripts4.Script006GETUserLogin" name="get_Method" time="4.140"/>
  <system-out/>
</testsuite> <!-- restassuredscripts4.Script006GETUserLogin -->
