<?xml version="1.0" encoding="UTF-8"?>
<!-- Generated by org.testng.reporters.JUnitReportReporter -->
<testsuite hostname="ASISH" failures="0" tests="3" name="restassuredscipts.ScriptMain" time="7.491" errors="0" timestamp="2023-11-10T11:36:44 IST" skipped="0">
  <testcase classname="restassuredscipts.ScriptMain" name="post_Call_Method" time="4.579"/>
  <system-out/>
  <testcase classname="restassuredscipts.ScriptMain" name="get_Call_Method" time="1.503"/>
  <system-out/>
  <testcase classname="restassuredscipts.ScriptMain" name="delete_Call_Method" time="1.409"/>
  <system-out/>
</testsuite> <!-- restassuredscipts.ScriptMain -->
