<?xml version="1.0" encoding="UTF-8"?>
<!-- Generated by org.testng.reporters.JUnitReportReporter -->
<testsuite hostname="ASISH" failures="0" tests="1" name="restassuredscripts2.Script004Run" time="8.223" errors="0" timestamp="2023-11-10T12:40:24 IST" skipped="0">
  <testcase classname="restassuredscripts2.Script004Run" name="Put_Method_Call" time="8.223"/>
  <system-out/>
</testsuite> <!-- restassuredscripts2.Script004Run -->
