<?xml version="1.0" encoding="UTF-8"?>
<!-- Generated by org.testng.reporters.JUnitReportReporter -->
<testsuite hostname="ASISH" failures="0" tests="1" name="restassuredscipts.Script002GETCall" time="1.499" errors="0" timestamp="2023-11-10T09:34:45 IST" skipped="0">
  <testcase classname="restassuredscipts.Script002GETCall" name="get_Method" time="1.499"/>
  <system-out/>
</testsuite> <!-- restassuredscipts.Script002GETCall -->
