<?xml version="1.0" encoding="UTF-8"?>
<!-- Generated by org.testng.reporters.JUnitReportReporter -->
<testsuite hostname="ASISH" failures="0" tests="1" name="restassuredscipts.Script001POSTCall" time="4.724" errors="0" timestamp="2023-11-10T09:34:45 IST" skipped="0">
  <testcase classname="restassuredscipts.Script001POSTCall" name="post_Method" time="4.724"/>
  <system-out/>
</testsuite> <!-- restassuredscipts.Script001POSTCall -->
