<?xml version="1.0" encoding="UTF-8"?>
<!-- Generated by org.testng.reporters.JUnitReportReporter -->
<testsuite hostname="ASISH" failures="0" tests="1" name="restassuredscripts2.Script004PUTCall" time="4.710" errors="0" timestamp="2023-11-10T12:36:07 IST" skipped="0">
  <testcase classname="restassuredscripts2.Script004PUTCall" name="put_Method" time="4.710"/>
  <system-out/>
</testsuite> <!-- restassuredscripts2.Script004PUTCall -->
