<?xml version="1.0" encoding="UTF-8"?>
<!-- Generated by org.testng.reporters.JUnitReportReporter -->
<testsuite hostname="ASISH" failures="0" tests="1" name="restassuredscript3.Script005GETCall" time="4.137" errors="0" timestamp="2023-11-09T20:53:08 IST" skipped="0">
  <testcase classname="restassuredscript3.Script005GETCall" name="get_Method" time="4.137"/>
  <system-out/>
</testsuite> <!-- restassuredscript3.Script005GETCall -->
