<?xml version="1.0" encoding="UTF-8"?>
<!-- Generated by org.testng.reporters.JUnitReportReporter -->
<testsuite hostname="ASISH" failures="0" tests="3" name="restassuredscripts5.Script007GETParams" time="9.635" errors="0" timestamp="2023-11-09T21:29:50 IST" skipped="0">
  <testcase classname="restassuredscripts5.Script007GETParams" name="get_Method1" time="5.129"/>
  <system-out/>
  <testcase classname="restassuredscripts5.Script007GETParams" name="get_Method2" time="2.427"/>
  <system-out/>
  <testcase classname="restassuredscripts5.Script007GETParams" name="get_Method3" time="2.079"/>
  <system-out/>
</testsuite> <!-- restassuredscripts5.Script007GETParams -->
