<?xml version="1.0" encoding="UTF-8"?>
<!-- Generated by org.testng.reporters.JUnitReportReporter -->
<testsuite hostname="ASISH" failures="0" tests="1" name="restassuredscipts.Script003DeleteCall" time="1.479" errors="0" timestamp="2023-11-10T09:34:45 IST" skipped="0">
  <testcase classname="restassuredscipts.Script003DeleteCall" name="delete_Method" time="1.479"/>
  <system-out/>
</testsuite> <!-- restassuredscipts.Script003DeleteCall -->
