<?xml version="1.0" encoding="UTF-8"?>
<!-- Generated by org.testng.reporters.JUnitReportReporter -->
<testsuite hostname="ASISH" failures="0" tests="1" name="restassuredscript6.Script008GETLogout" time="4.785" errors="0" timestamp="2023-11-09T21:38:40 IST" skipped="0">
  <testcase classname="restassuredscript6.Script008GETLogout" name="get_Method2" time="4.785"/>
  <system-out/>
</testsuite> <!-- restassuredscript6.Script008GETLogout -->
